VPR FPGA Placement and Routing.
Version: 8.1.0-dev+dadca7ecf
Revision: v8.0.0-rc2-2894-gdadca7ecf
Compiled: 2020-10-14T15:08:54
Compiler: GNU 7.3.0 on Linux-4.15.0-1028-gcp x86_64
Build Info: Release IPO VTR_ASSERT_LEVEL=2

University of Toronto
verilogtorouting.org
vtr-users@googlegroups.com
This is free open source code under MIT license.

VPR was run with the following command-line:
vpr /home/sk/qorc-sdk/fpga_toolchain_install/v1.3.1/quicklogic-arch-defs/share/arch/ql-eos-s3_wlcsp/arch.timing.xml sequencedetector.eblif --device ql-eos-s3 --max_router_iterations 500 --routing_failure_predictor off --router_high_fanout_threshold -1 --constant_net_method route --route_chan_width 100 --clock_modeling route --place_delay_model delta_override --router_lookahead map --check_route quick --strict_checks off --allow_dangling_combinational_nodes on --disable_errors check_unbuffered_edges:check_route --congested_routing_iteration_threshold 0.8 --incremental_reroute_delay_ripup off --base_cost_type delay_normalized_length_bounded --bb_factor 10 --initial_pres_fac 4.0 --check_rr_graph off --suppress_warnings ,sum_pin_class:check_unbuffered_edges:load_rr_indexed_data_T_values:check_rr_node:trans_per_R:check_route:set_rr_graph_tool_comment:warn_model_missing_timing --read_rr_graph /home/sk/qorc-sdk/fpga_toolchain_install/v1.3.1/quicklogic-arch-defs/share/arch/ql-eos-s3_wlcsp/rr_graph_ql-eos-s3_wlcsp.rr_graph.real.bin --read_placement_delay_lookup /home/sk/qorc-sdk/fpga_toolchain_install/v1.3.1/quicklogic-arch-defs/share/arch/ql-eos-s3_wlcsp/rr_graph_ql-eos-s3_wlcsp.place_delay.bin --sdc_file /home/sk/qorc-sdk/fpga-examples/sequencedetector/build/sequencedetector_dummy.sdc --fix_clusters sequencedetector_constraints.place --place

Using up to 1 parallel worker(s)

Architecture file: /home/sk/qorc-sdk/fpga_toolchain_install/v1.3.1/quicklogic-arch-defs/share/arch/ql-eos-s3_wlcsp/arch.timing.xml
Circuit name: sequencedetector

# Loading Architecture Description
# Loading Architecture Description took 0.31 seconds (max_rss 31.0 MiB, delta_rss +24.7 MiB)
# Building complex block graph
# Building complex block graph took 0.06 seconds (max_rss 39.7 MiB, delta_rss +8.7 MiB)
# Load circuit
# Load circuit took 0.01 seconds (max_rss 41.4 MiB, delta_rss +1.7 MiB)
# Clean circuit
Absorbed 977 LUT buffers
Inferred  106 additional primitive pins as constant generators since they have no combinationally connected inputs
Inferred   38 additional primitive pins as constant generators due to constant inputs
Inferred    0 additional primitive pins as constant generators since they have no combinationally connected inputs
Inferred    0 additional primitive pins as constant generators due to constant inputs
Inferred    0 additional primitive pins as constant generators since they have no combinationally connected inputs
Inferred    0 additional primitive pins as constant generators due to constant inputs
Swept input(s)      : 0
Swept output(s)     : 0 (0 dangling, 0 constant)
Swept net(s)        : 141
Swept block(s)      : 1
Constant Pins Marked: 144
# Clean circuit took 0.01 seconds (max_rss 43.0 MiB, delta_rss +1.6 MiB)
# Compress circuit
# Compress circuit took 0.00 seconds (max_rss 43.0 MiB, delta_rss +0.0 MiB)
# Verify circuit
# Verify circuit took 0.00 seconds (max_rss 43.0 MiB, delta_rss +0.0 MiB)
Circuit Statistics:
  Blocks: 149
    .input    :       1
    .output   :       9
    ASSP      :       1
    BIDIR_CELL:      10
    C_FRAG    :      14
    F_FRAG    :       1
    GND       :       1
    Q_FRAG    :      36
    T_FRAG    :      75
    VCC       :       1
  Nets  : 140
    Avg Fanout:     8.3
    Max Fanout:   520.0
    Min Fanout:     1.0
  Netlist Clocks: 2
# Build Timing Graph
Warning 1: Inferred implicit clock source clock_dffe_Q.QZ[0] for netlist clock $auto$clkbufmap.cc:247:execute$2987 (possibly data used as clock)
  Timing Graph Nodes: 1302
  Timing Graph Edges: 2071
  Timing Graph Levels: 24
# Build Timing Graph took 0.00 seconds (max_rss 43.0 MiB, delta_rss +0.0 MiB)
Netlist contains 2 clocks
  Netlist Clock '$auto$clkbufmap.cc:247:execute$2987' Fanout: 10 pins (0.8%), 10 blocks (6.7%)
  Netlist Clock 'clk' Fanout: 28 pins (2.2%), 28 blocks (18.8%)
# Load Timing Constraints

SDC file '/home/sk/qorc-sdk/fpga-examples/sequencedetector/build/sequencedetector_dummy.sdc' contained no SDC commands
Setting default timing constraints:
   * constrain all primay inputs and primary outputs on a virtual external clock 'virtual_io_clock'
   * optimize all netlist and virtual clocks to run as fast as possible
   * ignore cross netlist clock domain timing paths
Timing constraints created 3 clocks
  Constrained Clock 'virtual_io_clock' (Virtual Clock)
  Constrained Clock '$auto$clkbufmap.cc:247:execute$2987' Source: 'clock_dffe_Q.QZ[0]'
  Constrained Clock 'clk' Source: 'u_qlal4s3b_cell_macro.Sys_Clk0[0]'

# Load Timing Constraints took 0.00 seconds (max_rss 43.0 MiB, delta_rss +0.0 MiB)
Timing analysis: ON
Circuit netlist file: sequencedetector.net
Circuit placement file: sequencedetector.place
Circuit routing file: sequencedetector.route
Circuit SDC file: /home/sk/qorc-sdk/fpga-examples/sequencedetector/build/sequencedetector_dummy.sdc

Packer: ENABLED
Placer: ENABLED
Router: DISABLED
Analysis: DISABLED

NetlistOpts.abosrb_buffer_luts            : true
NetlistOpts.sweep_dangling_primary_ios    : true
NetlistOpts.sweep_dangling_nets           : true
NetlistOpts.sweep_dangling_blocks         : true
NetlistOpts.sweep_constant_primary_outputs: false
NetlistOpts.netlist_verbosity             : 1
NetlistOpts.const_gen_inference           : COMB_SEQ

PackerOpts.allow_unrelated_clustering: auto
PackerOpts.alpha_clustering: 0.750000
PackerOpts.beta_clustering: 0.900000
PackerOpts.cluster_seed_type: BLEND2
PackerOpts.connection_driven: true
PackerOpts.global_clocks: true
PackerOpts.hill_climbing_flag: false
PackerOpts.inter_cluster_net_delay: 1.000000
PackerOpts.timing_driven: true
PackerOpts.target_external_pin_util: auto

PlacerOpts.place_freq: PLACE_ONCE
PlacerOpts.place_algorithm: CRITICALITY_TIMING_PLACE
PlacerOpts.pad_loc_type: FREE
PlacerOpts.constraints_file: Using constraints file 'sequencedetector_constraints.place'
PlacerOpts.place_cost_exp: 1.000000
PlacerOpts.place_chan_width: 100
PlacerOpts.inner_loop_recompute_divider: 0
PlacerOpts.recompute_crit_iter: 1
PlacerOpts.timing_tradeoff: 0.500000
PlacerOpts.td_place_exp_first: 1.000000
PlacerOpts.td_place_exp_last: 8.000000
PlacerOpts.delay_offset: 0.000000
PlacerOpts.delay_ramp_delta_threshold: -1
PlacerOpts.delay_ramp_slope: 0.000000
PlacerOpts.tsu_rel_margin: 1.000000
PlacerOpts.tsu_abs_margin: 0.000000
PlacerOpts.post_place_timing_report_file: 
PlacerOpts.allowed_tiles_for_delay_model: 
PlacerOpts.delay_model_reducer: MIN
PlacerOpts.delay_model_type: DELTA_OVERRIDE
PlacerOpts.rlim_escape_fraction: 0.000000
PlacerOpts.move_stats_file: 
PlacerOpts.placement_saves_per_temperature: 0
PlacerOpts.effort_scaling: CIRCUIT
PlacerOpts.place_delta_delay_matrix_calculation_method: ASTAR_ROUTE
PlaceOpts.seed: 1
AnnealSched.type: AUTO_SCHED
AnnealSched.inner_num: 1.000000

RoutingArch.directionality: BI_DIRECTIONAL
RoutingArch.switch_block_type: WILTON
RoutingArch.Fs: 3

# Load Packing
Begin loading packed FPGA netlist file.
Netlist generated from file 'sequencedetector.net'.
Detected 2 constant generators (to see names run with higher pack verbosity)
Finished loading packed FPGA netlist file (took 0.025293 seconds).
# Load Packing took 0.03 seconds (max_rss 44.5 MiB, delta_rss +1.5 MiB)
Warning 2: Netlist contains 0 global net to non-global architecture pin connections
Warning 3: Logic block #63 ($false) has only 1 output pin '$false.GND0_GND[0]'. It may be a constant generator.
Warning 4: Logic block #64 ($true) has only 1 output pin '$true.VCC0_VCC[0]'. It may be a constant generator.

Netlist num_nets: 99
Netlist num_blocks: 65
Netlist EMPTY blocks: 0.
Netlist PB-SYN_GND blocks: 1.
Netlist PB-BIDIR blocks: 10.
Netlist PB-ASSP blocks: 1.
Netlist PB-LOGIC blocks: 52.
Netlist PB-SDIOMUX blocks: 0.
Netlist PB-MULT blocks: 0.
Netlist PB-GMUX blocks: 0.
Netlist PB-CLOCK blocks: 0.
Netlist PB-RAM blocks: 0.
Netlist PB-SYN_VCC blocks: 1.
Netlist inputs pins: 1
Netlist output pins: 29


Pb types usage...
  PB-SYN_GND        : 1
   GND              : 1
  PB-BIDIR          : 10
   BIDIR            : 10
    INPUT           : 1
     bidir          : 1
     inpad          : 1
    OUTPUT          : 9
     bidir          : 9
     outpad         : 9
  PB-ASSP           : 1
   ASSP             : 1
  PB-LOGIC          : 52
   LOGIC            : 52
    FRAGS           : 52
     c_frag_modes   : 52
      SINGLE        : 14
       c_frag       : 14
      SPLIT         : 38
       b_frag       : 38
       t_frag       : 37
     f_frag         : 1
     q_frag_modes   : 36
      INT           : 32
       q_frag       : 32
      EXT           : 4
       q_frag       : 4
  PB-SYN_VCC        : 1
   VCC              : 1

# Create Device
## Build Device Grid
FPGA sized to 39 x 35: 1365 grid tiles (ql-eos-s3)

Resource usage...
	Netlist
		1	blocks of type: PB-SYN_GND
	Architecture
		1	blocks of type: TL-SYN_GND
	Netlist
		10	blocks of type: PB-BIDIR
	Architecture
		32	blocks of type: TL-BIDIR
	Netlist
		1	blocks of type: PB-ASSP
	Architecture
		1	blocks of type: TL-ASSP
	Netlist
		52	blocks of type: PB-LOGIC
	Architecture
		891	blocks of type: TL-LOGIC
	Netlist
		0	blocks of type: PB-SDIOMUX
	Architecture
		14	blocks of type: TL-SDIOMUX
	Netlist
		0	blocks of type: PB-MULT
	Architecture
		2	blocks of type: TL-MULT
	Netlist
		0	blocks of type: PB-GMUX
	Architecture
		5	blocks of type: TL-GMUX
	Netlist
		0	blocks of type: PB-CLOCK
	Architecture
		5	blocks of type: TL-CLOCK
	Netlist
		0	blocks of type: PB-RAM
	Architecture
		4	blocks of type: TL-RAM
	Netlist
		1	blocks of type: PB-SYN_VCC
	Architecture
		1	blocks of type: TL-SYN_VCC

Device Utilization: 0.05 (target 1.00)
	Physical Tile TL-LOGIC:
	Block Utilization: 0.06 Logical Block: PB-LOGIC
	Physical Tile TL-RAM:
	Block Utilization: 0.00 Logical Block: PB-RAM
	Physical Tile TL-MULT:
	Block Utilization: 0.00 Logical Block: PB-MULT
	Physical Tile TL-BIDIR:
	Block Utilization: 0.31 Logical Block: PB-BIDIR
	Physical Tile TL-CLOCK:
	Block Utilization: 0.00 Logical Block: PB-CLOCK
	Physical Tile TL-SDIOMUX:
	Block Utilization: 0.00 Logical Block: PB-SDIOMUX
	Physical Tile TL-GMUX:
	Block Utilization: 0.00 Logical Block: PB-GMUX
	Physical Tile TL-ASSP:
	Block Utilization: 1.00 Logical Block: PB-ASSP
	Physical Tile TL-SYN_VCC:
	Block Utilization: 1.00 Logical Block: PB-SYN_VCC
	Physical Tile TL-SYN_GND:
	Block Utilization: 1.00 Logical Block: PB-SYN_GND

## Build Device Grid took 0.00 seconds (max_rss 44.7 MiB, delta_rss +0.0 MiB)
## Loading routing resource graph


## Loading routing resource graph took 0.44 seconds (max_rss 352.3 MiB, delta_rss +307.6 MiB)
  RR Graph Nodes: 1396446
  RR Graph Edges: 2337988
# Create Device took 0.91 seconds (max_rss 357.1 MiB, delta_rss +312.5 MiB)

# Computing router lookahead map
## Computing wire lookahead
Warning 5: Unable to find any sample location for segment CHANX type 'generic' (length 1)
Warning 6: Unable to find any sample location for segment CHANY type 'generic' (length 1)
Warning 7: Unable to find any sample location for segment CHANX type 'pad' (length 1)
Warning 8: Unable to find any sample location for segment CHANY type 'pad' (length 1)
## Computing wire lookahead took 15.31 seconds (max_rss 357.1 MiB, delta_rss +0.0 MiB)
## Computing src/opin lookahead
## Computing src/opin lookahead took 0.00 seconds (max_rss 357.1 MiB, delta_rss +0.0 MiB)
# Computing router lookahead map took 15.31 seconds (max_rss 357.1 MiB, delta_rss +0.0 MiB)
# Placement
## Computing placement delta delay look-up
  RR Graph Nodes: 1396446
  RR Graph Edges: 2337988
## Computing placement delta delay look-up took 0.49 seconds (max_rss 405.8 MiB, delta_rss +48.7 MiB)
Warning 9: CHANX place cost fac is 0 at 2 2
Warning 10: CHANX place cost fac is 0 at 34 34
Warning 11: CHANY place cost fac is 0 at 38 38
## Initial Placement
Reading sequencedetector_constraints.place.

Successfully read sequencedetector_constraints.place.

## Initial Placement took 0.00 seconds (max_rss 405.8 MiB, delta_rss +0.0 MiB)

There are 1083 point to point connections in this circuit.


BB estimate of min-dist (placement) wire length: 4717

Completed placement consistency check successfully.
Initial placement cost: 1 bb_cost: 6.98384 td_cost: 1.70923e-06
Initial placement estimated Critical Path Delay (CPD): 101.934 ns
Initial placement estimated setup Total Negative Slack (sTNS): -3086.91 ns
Initial placement estimated setup Worst Negative Slack (sWNS): -101.934 ns

Initial placement estimated setup slack histogram:
[   -1e-07: -9.3e-08) 22 ( 44.9%) |************************************************
[ -9.3e-08: -8.4e-08)  4 (  8.2%) |*********
[ -8.4e-08: -7.5e-08)  0 (  0.0%) |
[ -7.5e-08: -6.6e-08)  0 (  0.0%) |
[ -6.6e-08: -5.7e-08)  0 (  0.0%) |
[ -5.7e-08: -4.7e-08)  1 (  2.0%) |**
[ -4.7e-08: -3.8e-08)  2 (  4.1%) |****
[ -3.8e-08: -2.9e-08)  5 ( 10.2%) |***********
[ -2.9e-08:   -2e-08)  7 ( 14.3%) |***************
[   -2e-08: -1.1e-08)  8 ( 16.3%) |*****************
Placement contains 0 placement macros involving 0 blocks (average macro size -nan)

Moves per temperature: 261
Warning 12: Starting t: 61 of 65 configurations accepted.

---- ------ ------- ------- ---------- ---------- ------- ---------- -------- ------- ------- ------ -------- --------- ------
Tnum   Time       T Av Cost Av BB Cost Av TD Cost     CPD       sTNS     sWNS Ac Rate Std Dev  R lim Crit Exp Tot Moves  Alpha
      (sec)                                          (ns)       (ns)     (ns)                                                 
---- ------ ------- ------- ---------- ---------- ------- ---------- -------- ------- ------- ------ -------- --------- ------
   1    0.0 2.1e-01   0.970       6.81 1.6448e-06 109.914  -3.11e+03 -109.914   0.931  0.0268   38.0     1.00       261  0.200
   2    0.0 1.9e-01   1.028       6.83 1.6811e-06 119.931  -3.36e+03 -119.931   0.900  0.0200   38.0     1.00       522  0.900
   3    0.0 1.7e-01   0.975       6.84 1.6461e-06 122.897  -3.29e+03 -122.897   0.931  0.0299   38.0     1.00       783  0.900
   4    0.0 1.5e-01   0.988       6.96 1.7434e-06 101.129  -3.07e+03 -101.129   0.939  0.0280   38.0     1.00      1044  0.900
   5    0.0 1.4e-01   0.981       6.89 1.6998e-06 116.453  -3.19e+03 -116.453   0.923  0.0379   38.0     1.00      1305  0.900
   6    0.0 1.3e-01   1.021       6.83 1.6349e-06 109.473  -3.24e+03 -109.473   0.920  0.0262   38.0     1.00      1566  0.900
   7    0.0 1.1e-01   1.020       6.86 1.6099e-06 116.345   -3.1e+03 -116.345   0.908  0.0364   38.0     1.00      1827  0.900
   8    0.0 1.0e-01   1.008       6.80 1.5916e-06 117.599  -3.56e+03 -117.599   0.931  0.0229   38.0     1.00      2088  0.900
   9    0.0 9.1e-02   0.962       6.56 1.6138e-06 111.359  -3.29e+03 -111.359   0.920  0.0276   38.0     1.00      2349  0.900
  10    0.0 8.2e-02   1.023       6.69 1.6119e-06 110.244  -3.16e+03 -110.244   0.923  0.0415   38.0     1.00      2610  0.900
  11    0.0 7.4e-02   0.987       6.69 1.7122e-06 102.998  -3.13e+03 -102.998   0.904  0.0153   38.0     1.00      2871  0.900
  12    0.0 6.7e-02   0.960       6.53 1.6332e-06 114.686  -3.21e+03 -114.686   0.908  0.0237   38.0     1.00      3132  0.900
  13    0.0 6.0e-02   1.024       6.86 1.6592e-06 107.975     -3e+03 -107.975   0.889  0.0436   38.0     1.00      3393  0.900
  14    0.0 5.4e-02   1.038       6.75 1.6587e-06 106.997  -3.01e+03 -106.997   0.923  0.0279   38.0     1.00      3654  0.900
  15    0.0 4.9e-02   0.965       6.72 1.6348e-06 118.889  -3.39e+03 -118.889   0.897  0.0246   38.0     1.00      3915  0.900
  16    0.0 4.4e-02   0.950       6.46 1.5427e-06 125.789   -3.4e+03 -125.789   0.866  0.0402   38.0     1.00      4176  0.900
  17    0.0 3.9e-02   1.038       6.57 1.5926e-06 112.551  -3.35e+03 -112.551   0.866  0.0218   38.0     1.00      4437  0.900
  18    0.0 3.5e-02   1.051       6.78 1.6451e-06 104.713   -3.1e+03 -104.713   0.877  0.0301   38.0     1.00      4698  0.900
  19    0.0 3.2e-02   1.028       6.71 1.6192e-06 105.034  -3.12e+03 -105.034   0.870  0.0282   38.0     1.00      4959  0.900
  20    0.0 2.9e-02   0.999       6.72 1.6057e-06 109.374  -3.08e+03 -109.374   0.854  0.0275   38.0     1.00      5220  0.900
  21    0.0 2.6e-02   1.042       6.53 1.5724e-06 106.960  -3.11e+03 -106.960   0.785  0.0249   38.0     1.00      5481  0.900
  22    0.0 2.5e-02   0.985       6.67 1.6187e-06 112.869  -3.17e+03 -112.869   0.847  0.0225   38.0     1.00      5742  0.950
  23    0.0 2.2e-02   1.041       6.72 1.5968e-06 119.119  -3.28e+03 -119.119   0.797  0.0443   38.0     1.00      6003  0.900
  24    0.0 2.1e-02   0.965       6.59 1.5652e-06 108.877  -2.99e+03 -108.877   0.847  0.0218   38.0     1.00      6264  0.950
  25    0.0 1.9e-02   0.996       6.42 1.5347e-06 110.668  -3.16e+03 -110.668   0.785  0.0172   38.0     1.00      6525  0.900
  26    0.0 1.8e-02   0.991       6.43 1.5672e-06 109.532   -3.2e+03 -109.532   0.816  0.0325   38.0     1.00      6786  0.950
  27    0.0 1.6e-02   0.947       6.53 1.614e-06  107.962  -3.26e+03 -107.962   0.778  0.0276   38.0     1.00      7047  0.900
  28    0.0 1.5e-02   0.998       6.22 1.5328e-06 102.976  -3.14e+03 -102.976   0.751  0.0258   38.0     1.00      7308  0.950
  29    0.0 1.5e-02   0.985       6.21 1.4646e-06 117.433  -3.25e+03 -117.433   0.739  0.0160   38.0     1.00      7569  0.950
  30    0.0 1.4e-02   1.018       6.21 1.5296e-06 106.365  -2.94e+03 -106.365   0.716  0.0224   38.0     1.00      7830  0.950
  31    0.0 1.3e-02   1.020       6.39 1.5848e-06  98.187  -2.86e+03  -98.187   0.728  0.0172   38.0     1.00      8091  0.950
  32    0.0 1.2e-02   0.975       6.39 1.4808e-06 104.241  -3.04e+03 -104.241   0.709  0.0209   38.0     1.00      8352  0.950
  33    0.0 1.2e-02   0.978       6.29 1.4961e-06 102.847  -3.18e+03 -102.847   0.682  0.0167   38.0     1.00      8613  0.950
  34    0.0 1.1e-02   0.987       6.17 1.4828e-06 100.779  -3.03e+03 -100.779   0.640  0.0284   38.0     1.00      8874  0.950
  35    0.0 1.1e-02   1.019       6.25 1.5593e-06  88.762  -2.78e+03  -88.762   0.663  0.0254   38.0     1.00      9135  0.950
  36    0.0 1.0e-02   0.977       6.43 1.5971e-06  95.391   -2.9e+03  -95.391   0.693  0.0361   38.0     1.00      9396  0.950
  37    0.0 9.7e-03   0.953       6.11 1.5402e-06  96.590  -2.88e+03  -96.590   0.613  0.0218   38.0     1.00      9657  0.950
  38    0.0 9.2e-03   0.967       5.75 1.4101e-06 103.022  -2.96e+03 -103.022   0.525  0.0135   38.0     1.00      9918  0.950
  39    0.0 8.7e-03   0.989       6.02 1.4467e-06  99.839  -2.89e+03  -99.839   0.640  0.0233   38.0     1.00     10179  0.950
  40    0.0 8.3e-03   0.973       5.81 1.4485e-06  90.168  -2.71e+03  -90.168   0.625  0.0186   38.0     1.00     10440  0.950
  41    0.0 7.9e-03   0.977       5.57 1.4235e-06  89.064  -2.59e+03  -89.064   0.544  0.0267   38.0     1.00     10701  0.950
  42    0.0 7.5e-03   1.025       5.53 1.3895e-06  82.581  -2.48e+03  -82.581   0.494  0.0155   38.0     1.00     10962  0.950
  43    0.0 7.1e-03   0.946       5.51 1.3166e-06  95.734  -2.85e+03  -95.734   0.475  0.0173   38.0     1.00     11223  0.950
  44    0.0 6.8e-03   1.032       5.70 1.3456e-06  99.142  -2.78e+03  -99.142   0.490  0.0269   38.0     1.00     11484  0.950
  45    0.0 6.4e-03   0.991       5.78 1.3808e-06  97.074  -2.72e+03  -97.074   0.494  0.0406   38.0     1.00     11745  0.950
  46    0.0 6.1e-03   0.994       5.66 1.3821e-06  84.209  -2.43e+03  -84.209   0.513  0.0177   38.0     1.00     12006  0.950
  47    0.0 5.8e-03   0.966       5.28 1.2529e-06  92.190  -2.74e+03  -92.190   0.391  0.0298   38.0     1.00     12267  0.950
  48    0.0 5.5e-03   1.022       5.14 1.196e-06   78.433  -2.36e+03  -78.433   0.333  0.0107   36.1     1.35     12528  0.950
  49    0.0 5.2e-03   0.939       4.76 9.5586e-07  90.835  -2.69e+03  -90.835   0.307  0.0303   32.3     2.08     12789  0.950
  50    0.0 5.0e-03   1.001       4.72 7.4023e-07  86.353  -2.48e+03  -86.353   0.307  0.0104   28.0     2.90     13050  0.950
  51    0.0 4.7e-03   0.959       4.51 6.9477e-07  78.658   -2.3e+03  -78.658   0.218  0.0164   24.2     3.60     13311  0.950
  52    0.0 4.5e-03   1.014       4.55 5.9197e-07  78.939  -2.23e+03  -78.939   0.257  0.0140   18.9     4.62     13572  0.950
  53    0.0 4.3e-03   1.023       4.54 6.9199e-07  72.790  -2.27e+03  -72.790   0.341  0.0228   15.4     5.27     13833  0.950
  54    0.0 4.0e-03   0.988       4.58 6.2876e-07  74.313  -2.28e+03  -74.313   0.326  0.0129   13.9     5.56     14094  0.950
  55    0.0 3.8e-03   0.976       4.45 5.3595e-07  74.027  -2.23e+03  -74.027   0.330  0.0204   12.3     5.86     14355  0.950
  56    0.0 3.6e-03   0.985       4.31 4.7726e-07  80.378  -2.41e+03  -80.378   0.360  0.0213   10.9     6.12     14616  0.950
  57    0.0 3.5e-03   0.975       4.37 5.5448e-07  77.046  -2.35e+03  -77.046   0.276  0.0140   10.1     6.29     14877  0.950
  58    0.0 3.3e-03   0.984       4.40 5.4788e-07  70.266  -2.17e+03  -70.266   0.383  0.0134    8.4     6.60     15138  0.950
  59    0.0 3.1e-03   0.993       4.32 5.0939e-07  69.668  -2.13e+03  -69.668   0.383  0.0191    7.9     6.69     15399  0.950
  60    0.0 3.0e-03   0.990       4.16 5.3273e-07  70.966  -2.19e+03  -70.966   0.310  0.0058    7.5     6.77     15660  0.950
  61    0.0 2.8e-03   0.975       4.14 5.1692e-07  70.963  -2.21e+03  -70.963   0.349  0.0160    6.5     6.96     15921  0.950
  62    0.0 2.7e-03   0.978       4.06 4.8415e-07  75.633  -2.32e+03  -75.633   0.375  0.0153    5.9     7.07     16182  0.950
  63    0.0 2.5e-03   0.964       3.83 4.3793e-07  70.137  -2.18e+03  -70.137   0.383  0.0114    5.5     7.14     16443  0.950
  64    0.0 2.4e-03   1.025       3.94 4.5474e-07  65.724  -2.02e+03  -65.724   0.379  0.0106    5.2     7.20     16704  0.950
  65    0.0 2.3e-03   0.991       3.91 4.3223e-07  66.974  -2.06e+03  -66.974   0.333  0.0087    4.9     7.26     16965  0.950
  66    0.0 2.2e-03   0.977       3.89 4.6369e-07  65.371  -2.07e+03  -65.371   0.395  0.0072    4.4     7.36     17226  0.950
  67    0.0 2.1e-03   0.968       3.76 3.915e-07   71.273   -2.1e+03  -71.273   0.345  0.0121    4.2     7.40     17487  0.950
  68    0.0 2.0e-03   1.019       3.80 4.6316e-07  63.115  -2.03e+03  -63.115   0.391  0.0100    3.8     7.47     17748  0.950
  69    0.0 1.9e-03   0.974       3.67 4.3265e-07  65.956  -2.06e+03  -65.956   0.425  0.0121    3.6     7.51     18009  0.950
  70    0.0 1.8e-03   0.981       3.67 4.1404e-07  64.375  -2.06e+03  -64.375   0.402  0.0094    3.5     7.52     18270  0.950
  71    0.0 1.7e-03   0.991       3.66 4.2395e-07  64.503  -2.01e+03  -64.503   0.360  0.0089    3.4     7.54     18531  0.950
  72    0.0 1.6e-03   0.981       3.54 4.0384e-07  61.614  -1.95e+03  -61.614   0.326  0.0145    3.1     7.60     18792  0.950
  73    0.0 1.5e-03   1.000       3.45 4.1051e-07  56.653  -1.87e+03  -56.653   0.349  0.0050    2.8     7.66     19053  0.950
  74    0.0 1.4e-03   0.990       3.45 4.3788e-07  55.568  -1.82e+03  -55.568   0.345  0.0048    2.5     7.71     19314  0.950
  75    0.0 1.4e-03   1.013       3.51 3.8075e-07  56.543  -1.83e+03  -56.543   0.356  0.0057    2.3     7.76     19575  0.950
  76    0.0 1.3e-03   0.991       3.50 3.752e-07   62.161  -1.91e+03  -62.161   0.314  0.0038    2.1     7.79     19836  0.950
  77    0.0 1.2e-03   0.984       3.44 4.1914e-07  55.630  -1.83e+03  -55.630   0.322  0.0073    1.8     7.84     20097  0.950
  78    0.0 1.2e-03   1.000       3.42 4.4275e-07  53.518  -1.79e+03  -53.518   0.395  0.0038    1.6     7.88     20358  0.950
  79    0.0 1.1e-03   0.998       3.41 4.002e-07   57.388  -1.84e+03  -57.388   0.375  0.0057    1.5     7.90     20619  0.950
  80    0.0 1.1e-03   0.983       3.33 3.554e-07   59.644  -1.85e+03  -59.644   0.333  0.0080    1.4     7.92     20880  0.950
  81    0.0 1.0e-03   0.994       3.32 3.6806e-07  56.095  -1.79e+03  -56.095   0.372  0.0057    1.3     7.95     21141  0.950
  82    0.0 9.6e-04   0.994       3.27 3.9978e-07  53.927  -1.76e+03  -53.927   0.307  0.0053    1.2     7.96     21402  0.950
  83    0.0 9.1e-04   0.995       3.25 3.7774e-07  54.533  -1.75e+03  -54.533   0.307  0.0032    1.0     7.99     21663  0.950
  84    0.0 8.7e-04   0.991       3.23 3.7321e-07  53.938  -1.72e+03  -53.938   0.261  0.0054    1.0     8.00     21924  0.950
  85    0.0 8.2e-04   1.005       3.25 3.8857e-07  53.324  -1.75e+03  -53.324   0.238  0.0045    1.0     8.00     22185  0.950
  86    0.0 7.8e-04   0.991       3.27 3.5122e-07  57.382  -1.81e+03  -57.382   0.257  0.0045    1.0     8.00     22446  0.950
  87    0.0 7.4e-04   0.992       3.25 3.7282e-07  53.803  -1.78e+03  -53.803   0.199  0.0041    1.0     8.00     22707  0.950
  88    0.0 7.1e-04   1.005       3.26 3.8742e-07  54.719  -1.79e+03  -54.719   0.207  0.0036    1.0     8.00     22968  0.950
  89    0.0 6.7e-04   0.996       3.26 3.6247e-07  54.843  -1.78e+03  -54.843   0.176  0.0020    1.0     8.00     23229  0.950
  90    0.0 6.4e-04   0.997       3.25 3.9302e-07  53.706  -1.74e+03  -53.706   0.142  0.0019    1.0     8.00     23490  0.950
  91    0.0 5.1e-04   0.990       3.24 3.8727e-07  53.814  -1.75e+03  -53.814   0.172  0.0050    1.0     8.00     23751  0.800
  92    0.0 4.8e-04   0.999       3.22 3.8457e-07  52.829  -1.72e+03  -52.829   0.138  0.0025    1.0     8.00     24012  0.950
  93    0.0 3.9e-04   0.997       3.20 3.6493e-07  53.372  -1.72e+03  -53.372   0.134  0.0034    1.0     8.00     24273  0.800
  94    0.0 3.1e-04   0.991       3.19 3.8034e-07  51.623  -1.71e+03  -51.623   0.138  0.0038    1.0     8.00     24534  0.800
  95    0.0 2.5e-04   0.997       3.17 3.6146e-07  52.193   -1.7e+03  -52.193   0.057  0.0019    1.0     8.00     24795  0.800
  96    0.0 2.0e-04   0.995       3.15 3.6588e-07  51.894  -1.69e+03  -51.894   0.065  0.0024    1.0     8.00     25056  0.800
  97    0.0 1.6e-04   0.999       3.13 3.5192e-07  51.848  -1.68e+03  -51.848   0.015  0.0003    1.0     8.00     25317  0.800
  98    0.0 1.3e-04   0.999       3.13 3.4939e-07  51.848  -1.69e+03  -51.848   0.031  0.0008    1.0     8.00     25578  0.800
  99    0.0 1.0e-04   0.998       3.12 3.5246e-07  51.848  -1.69e+03  -51.848   0.046  0.0010    1.0     8.00     25839  0.800
 100    0.0 8.1e-05   0.996       3.11 3.5039e-07  52.088  -1.69e+03  -52.088   0.031  0.0015    1.0     8.00     26100  0.800
 101    0.0 6.5e-05   1.000       3.10 3.7014e-07  49.530  -1.66e+03  -49.530   0.015  0.0003    1.0     8.00     26361  0.800
 102    0.0 5.2e-05   0.999       3.11 3.6953e-07  49.530  -1.66e+03  -49.530   0.027  0.0005    1.0     8.00     26622  0.800
 103    0.0 0.0e+00   0.999       3.10 3.7016e-07  49.530  -1.66e+03  -49.530   0.019  0.0005    1.0     8.00     26883  0.800
## Placement Quench took 0.00 seconds (max_rss 405.8 MiB)

BB estimate of min-dist (placement) wire length: 2065

Completed placement consistency check successfully.

Swaps called: 26948

Aborted Move Reasons:
  No moves aborted

Placement estimated critical path delay (least slack): 49.5295 ns
Placement estimated setup Worst Negative Slack (sWNS): -49.5295 ns
Placement estimated setup Total Negative Slack (sTNS): -1656.58 ns

Placement estimated setup slack histogram:
[   -5e-08: -4.5e-08) 18 ( 36.7%) |************************************************
[ -4.5e-08: -4.1e-08)  8 ( 16.3%) |*********************
[ -4.1e-08: -3.7e-08)  0 (  0.0%) |
[ -3.7e-08: -3.3e-08)  0 (  0.0%) |
[ -3.3e-08: -2.9e-08)  1 (  2.0%) |***
[ -2.9e-08: -2.5e-08)  2 (  4.1%) |*****
[ -2.5e-08: -2.1e-08)  8 ( 16.3%) |*********************
[ -2.1e-08: -1.7e-08)  2 (  4.1%) |*****
[ -1.7e-08: -1.3e-08)  7 ( 14.3%) |*******************
[ -1.3e-08: -8.5e-09)  3 (  6.1%) |********

Placement estimated intra-domain critical path delays (CPDs):
  $auto$clkbufmap.cc:247:execute$2987 to $auto$clkbufmap.cc:247:execute$2987 CPD: 23.8466 ns (41.9346 MHz)
  clk to clk CPD: 49.5295 ns (20.19 MHz)

Placement estimated inter-domain critical path delays (CPDs):
  $auto$clkbufmap.cc:247:execute$2987 to virtual_io_clock CPD: 31.5289 ns (31.7169 MHz)
  virtual_io_clock to $auto$clkbufmap.cc:247:execute$2987 CPD: 21.7803 ns (45.913 MHz)

Placement estimated intra-domain worst setup slacks per constraint:
  $auto$clkbufmap.cc:247:execute$2987 to $auto$clkbufmap.cc:247:execute$2987 worst setup slack: -23.8466 ns
  clk to clk worst setup slack: -49.5295 ns

Placement estimated inter-domain worst setup slacks per constraint:
  $auto$clkbufmap.cc:247:execute$2987 to virtual_io_clock worst setup slack: -31.5289 ns
  virtual_io_clock to $auto$clkbufmap.cc:247:execute$2987 worst setup slack: -21.7803 ns

Placement estimated geomean non-virtual intra-domain period: 34.3673 ns (29.0974 MHz)
Placement estimated fanout-weighted geomean non-virtual intra-domain period: 15.3537 ns (65.1311 MHz)

Placement cost: 0.998665, bb_cost: 3.10327, td_cost: 3.69944e-07, 

Placement resource usage:
  PB-SYN_GND implemented as TL-SYN_GND: 1
  PB-BIDIR   implemented as TL-BIDIR  : 10
  PB-ASSP    implemented as TL-ASSP   : 1
  PB-LOGIC   implemented as TL-LOGIC  : 52
  PB-SYN_VCC implemented as TL-SYN_VCC: 1

Placement number of temperatures: 103
Placement total # of swap attempts: 26948
	Swaps accepted: 13267 (49.2 %)
	Swaps rejected: 12173 (45.2 %)
	Swaps aborted :  1508 ( 5.6 %)
Placement Quench timing analysis took 0.000232277 seconds (0.000189521 STA, 4.2756e-05 slack) (1 full updates: 1 setup, 0 hold, 0 combined).
Placement Total  timing analysis took 0.0272967 seconds (0.0213515 STA, 0.00594524 slack) (105 full updates: 105 setup, 0 hold, 0 combined).
update_td_costs: connections 0 nets 0 sum_nets 0 total 0
Incr Slack updates 105 in 0.00183161 sec
Full Max Req/Worst Slack updates 102 in 0.000492177 sec
Incr Max Req/Worst Slack updates 3 in 1.1669e-05 sec
Incr Criticality updates 3 in 6.3152e-05 sec
Full Criticality updates 102 in 0.00300825 sec
# Placement took 0.59 seconds (max_rss 405.8 MiB, delta_rss +48.7 MiB)

Flow timing analysis took 0.0272967 seconds (0.0213515 STA, 0.00594524 slack) (105 full updates: 105 setup, 0 hold, 0 combined).
VPR succeeded
The entire flow of VPR took 17.24 seconds (max_rss 405.8 MiB)
