VPR FPGA Placement and Routing.
Version: 8.1.0-dev+dadca7ecf
Revision: v8.0.0-rc2-2894-gdadca7ecf
Compiled: 2020-10-14T15:08:54
Compiler: GNU 7.3.0 on Linux-4.15.0-1028-gcp x86_64
Build Info: Release IPO VTR_ASSERT_LEVEL=2

University of Toronto
verilogtorouting.org
vtr-users@googlegroups.com
This is free open source code under MIT license.

VPR was run with the following command-line:
vpr /home/sk/qorc-sdk/fpga_toolchain_install/v1.3.1/quicklogic-arch-defs/share/arch/ql-eos-s3_wlcsp/arch.timing.xml sequencedetector.eblif --device ql-eos-s3 --max_router_iterations 500 --routing_failure_predictor off --router_high_fanout_threshold -1 --constant_net_method route --route_chan_width 100 --clock_modeling route --place_delay_model delta_override --router_lookahead map --check_route quick --strict_checks off --allow_dangling_combinational_nodes on --disable_errors check_unbuffered_edges:check_route --congested_routing_iteration_threshold 0.8 --incremental_reroute_delay_ripup off --base_cost_type delay_normalized_length_bounded --bb_factor 10 --initial_pres_fac 4.0 --check_rr_graph off --suppress_warnings ,sum_pin_class:check_unbuffered_edges:load_rr_indexed_data_T_values:check_rr_node:trans_per_R:check_route:set_rr_graph_tool_comment:warn_model_missing_timing --read_rr_graph /home/sk/qorc-sdk/fpga_toolchain_install/v1.3.1/quicklogic-arch-defs/share/arch/ql-eos-s3_wlcsp/rr_graph_ql-eos-s3_wlcsp.rr_graph.real.bin --read_placement_delay_lookup /home/sk/qorc-sdk/fpga_toolchain_install/v1.3.1/quicklogic-arch-defs/share/arch/ql-eos-s3_wlcsp/rr_graph_ql-eos-s3_wlcsp.place_delay.bin --sdc_file /home/sk/qorc-sdk/fpga-examples/sequencedetector/build/sequencedetector_dummy.sdc --route

Using up to 1 parallel worker(s)

Architecture file: /home/sk/qorc-sdk/fpga_toolchain_install/v1.3.1/quicklogic-arch-defs/share/arch/ql-eos-s3_wlcsp/arch.timing.xml
Circuit name: sequencedetector

# Loading Architecture Description
# Loading Architecture Description took 0.32 seconds (max_rss 31.0 MiB, delta_rss +24.7 MiB)
# Building complex block graph
# Building complex block graph took 0.06 seconds (max_rss 39.8 MiB, delta_rss +8.7 MiB)
# Load circuit
# Load circuit took 0.01 seconds (max_rss 41.5 MiB, delta_rss +1.7 MiB)
# Clean circuit
Absorbed 977 LUT buffers
Inferred  106 additional primitive pins as constant generators since they have no combinationally connected inputs
Inferred   38 additional primitive pins as constant generators due to constant inputs
Inferred    0 additional primitive pins as constant generators since they have no combinationally connected inputs
Inferred    0 additional primitive pins as constant generators due to constant inputs
Inferred    0 additional primitive pins as constant generators since they have no combinationally connected inputs
Inferred    0 additional primitive pins as constant generators due to constant inputs
Swept input(s)      : 0
Swept output(s)     : 0 (0 dangling, 0 constant)
Swept net(s)        : 141
Swept block(s)      : 1
Constant Pins Marked: 144
# Clean circuit took 0.01 seconds (max_rss 43.1 MiB, delta_rss +1.6 MiB)
# Compress circuit
# Compress circuit took 0.00 seconds (max_rss 43.1 MiB, delta_rss +0.0 MiB)
# Verify circuit
# Verify circuit took 0.00 seconds (max_rss 43.1 MiB, delta_rss +0.0 MiB)
Circuit Statistics:
  Blocks: 149
    .input    :       1
    .output   :       9
    ASSP      :       1
    BIDIR_CELL:      10
    C_FRAG    :      14
    F_FRAG    :       1
    GND       :       1
    Q_FRAG    :      36
    T_FRAG    :      75
    VCC       :       1
  Nets  : 140
    Avg Fanout:     8.3
    Max Fanout:   520.0
    Min Fanout:     1.0
  Netlist Clocks: 2
# Build Timing Graph
Warning 1: Inferred implicit clock source clock_dffe_Q.QZ[0] for netlist clock $auto$clkbufmap.cc:247:execute$2987 (possibly data used as clock)
  Timing Graph Nodes: 1302
  Timing Graph Edges: 2071
  Timing Graph Levels: 24
# Build Timing Graph took 0.00 seconds (max_rss 43.1 MiB, delta_rss +0.0 MiB)
Netlist contains 2 clocks
  Netlist Clock '$auto$clkbufmap.cc:247:execute$2987' Fanout: 10 pins (0.8%), 10 blocks (6.7%)
  Netlist Clock 'clk' Fanout: 28 pins (2.2%), 28 blocks (18.8%)
# Load Timing Constraints

SDC file '/home/sk/qorc-sdk/fpga-examples/sequencedetector/build/sequencedetector_dummy.sdc' contained no SDC commands
Setting default timing constraints:
   * constrain all primay inputs and primary outputs on a virtual external clock 'virtual_io_clock'
   * optimize all netlist and virtual clocks to run as fast as possible
   * ignore cross netlist clock domain timing paths
Timing constraints created 3 clocks
  Constrained Clock 'virtual_io_clock' (Virtual Clock)
  Constrained Clock '$auto$clkbufmap.cc:247:execute$2987' Source: 'clock_dffe_Q.QZ[0]'
  Constrained Clock 'clk' Source: 'u_qlal4s3b_cell_macro.Sys_Clk0[0]'

# Load Timing Constraints took 0.00 seconds (max_rss 43.1 MiB, delta_rss +0.0 MiB)
Timing analysis: ON
Circuit netlist file: sequencedetector.net
Circuit placement file: sequencedetector.place
Circuit routing file: sequencedetector.route
Circuit SDC file: /home/sk/qorc-sdk/fpga-examples/sequencedetector/build/sequencedetector_dummy.sdc

Packer: ENABLED
Placer: ENABLED
Router: ENABLED
Analysis: ENABLED

NetlistOpts.abosrb_buffer_luts            : true
NetlistOpts.sweep_dangling_primary_ios    : true
NetlistOpts.sweep_dangling_nets           : true
NetlistOpts.sweep_dangling_blocks         : true
NetlistOpts.sweep_constant_primary_outputs: false
NetlistOpts.netlist_verbosity             : 1
NetlistOpts.const_gen_inference           : COMB_SEQ

PackerOpts.allow_unrelated_clustering: auto
PackerOpts.alpha_clustering: 0.750000
PackerOpts.beta_clustering: 0.900000
PackerOpts.cluster_seed_type: BLEND2
PackerOpts.connection_driven: true
PackerOpts.global_clocks: true
PackerOpts.hill_climbing_flag: false
PackerOpts.inter_cluster_net_delay: 1.000000
PackerOpts.timing_driven: true
PackerOpts.target_external_pin_util: auto

PlacerOpts.place_freq: PLACE_ONCE
PlacerOpts.place_algorithm: CRITICALITY_TIMING_PLACE
PlacerOpts.pad_loc_type: FREE
PlacerOpts.constraints_file: No constraints file given
PlacerOpts.place_cost_exp: 1.000000
PlacerOpts.place_chan_width: 100
PlacerOpts.inner_loop_recompute_divider: 0
PlacerOpts.recompute_crit_iter: 1
PlacerOpts.timing_tradeoff: 0.500000
PlacerOpts.td_place_exp_first: 1.000000
PlacerOpts.td_place_exp_last: 8.000000
PlacerOpts.delay_offset: 0.000000
PlacerOpts.delay_ramp_delta_threshold: -1
PlacerOpts.delay_ramp_slope: 0.000000
PlacerOpts.tsu_rel_margin: 1.000000
PlacerOpts.tsu_abs_margin: 0.000000
PlacerOpts.post_place_timing_report_file: 
PlacerOpts.allowed_tiles_for_delay_model: 
PlacerOpts.delay_model_reducer: MIN
PlacerOpts.delay_model_type: DELTA_OVERRIDE
PlacerOpts.rlim_escape_fraction: 0.000000
PlacerOpts.move_stats_file: 
PlacerOpts.placement_saves_per_temperature: 0
PlacerOpts.effort_scaling: CIRCUIT
PlacerOpts.place_delta_delay_matrix_calculation_method: ASTAR_ROUTE
PlaceOpts.seed: 1
AnnealSched.type: AUTO_SCHED
AnnealSched.inner_num: 1.000000

RouterOpts.route_type: DETAILED
RouterOpts.router_algorithm: TIMING_DRIVEN
RouterOpts.base_cost_type: DELAY_NORMALIZED_LENGTH_BOUNDED
RouterOpts.fixed_channel_width: 100
RouterOpts.check_route: QUICK
RouterOpts.trim_empty_chan: false
RouterOpts.trim_obs_chan: false
RouterOpts.acc_fac: 1.000000
RouterOpts.bb_factor: 10
RouterOpts.bend_cost: 0.000000
RouterOpts.first_iter_pres_fac: 0.000000
RouterOpts.initial_pres_fac: 4.000000
RouterOpts.pres_fac_mult: 1.300000
RouterOpts.max_router_iterations: 500
RouterOpts.min_incremental_reroute_fanout: 16
RouterOpts.do_check_rr_graph: false
RouterOpts.verify_binary_search: false
RouterOpts.min_channel_width_hint: 0
RouterOpts.read_rr_edge_metadata: false
RouterOpts.exit_after_first_routing_iteration: false
RouterOpts.astar_fac: 1.200000
RouterOpts.criticality_exp: 1.000000
RouterOpts.max_criticality: 0.990000
RouterOpts.init_wirelength_abort_threshold: 0.850000
RouterOpts.save_routing_per_iteration: false
RouterOpts.congested_routing_iteration_threshold_frac: 0.800000
RouterOpts.high_fanout_threshold: -1
RouterOpts.router_debug_net: -2
RouterOpts.router_debug_sink_rr: -2
RouterOpts.router_debug_iteration: -2
RouterOpts.max_convergence_count: 1
RouterOpts.reconvergence_cpd_threshold: 0.990000
RouterOpts.update_lower_bound_delays: true
RouterOpts.first_iteration_timing_report_file: 
RouterOpts.incr_reroute_delay_ripup: OFF
RouterOpts.route_bb_update: DYNAMIC
RouterOpts.lookahead_type: MAP
RouterOpts.initial_timing: LOOKAHEAD
RouterOpts.router_heap: BINARY_HEAP
RouterOpts.routing_failure_predictor = OFF
RouterOpts.routing_budgets_algorithm = DISABLE

AnalysisOpts.gen_post_synthesis_netlist: false
AnalysisOpts.timing_report_npaths: 100
AnalysisOpts.timing_report_skew: false
AnalysisOpts.echo_dot_timing_graph_node: -1
AnalysisOpts.timing_report_detail: NETLIST

RoutingArch.directionality: BI_DIRECTIONAL
RoutingArch.switch_block_type: WILTON
RoutingArch.Fs: 3

# Load Packing
Begin loading packed FPGA netlist file.
Netlist generated from file 'sequencedetector.net'.
Detected 2 constant generators (to see names run with higher pack verbosity)
Finished loading packed FPGA netlist file (took 0.024749 seconds).
# Load Packing took 0.03 seconds (max_rss 44.5 MiB, delta_rss +1.4 MiB)
Warning 2: Netlist contains 0 global net to non-global architecture pin connections
Warning 3: Logic block #63 ($false) has only 1 output pin '$false.GND0_GND[0]'. It may be a constant generator.
Warning 4: Logic block #64 ($true) has only 1 output pin '$true.VCC0_VCC[0]'. It may be a constant generator.

Netlist num_nets: 99
Netlist num_blocks: 65
Netlist EMPTY blocks: 0.
Netlist PB-SYN_GND blocks: 1.
Netlist PB-BIDIR blocks: 10.
Netlist PB-ASSP blocks: 1.
Netlist PB-LOGIC blocks: 52.
Netlist PB-SDIOMUX blocks: 0.
Netlist PB-MULT blocks: 0.
Netlist PB-GMUX blocks: 0.
Netlist PB-CLOCK blocks: 0.
Netlist PB-RAM blocks: 0.
Netlist PB-SYN_VCC blocks: 1.
Netlist inputs pins: 1
Netlist output pins: 29


Pb types usage...
  PB-SYN_GND        : 1
   GND              : 1
  PB-BIDIR          : 10
   BIDIR            : 10
    INPUT           : 1
     bidir          : 1
     inpad          : 1
    OUTPUT          : 9
     bidir          : 9
     outpad         : 9
  PB-ASSP           : 1
   ASSP             : 1
  PB-LOGIC          : 52
   LOGIC            : 52
    FRAGS           : 52
     c_frag_modes   : 52
      SINGLE        : 14
       c_frag       : 14
      SPLIT         : 38
       b_frag       : 38
       t_frag       : 37
     f_frag         : 1
     q_frag_modes   : 36
      INT           : 32
       q_frag       : 32
      EXT           : 4
       q_frag       : 4
  PB-SYN_VCC        : 1
   VCC              : 1

# Create Device
## Build Device Grid
FPGA sized to 39 x 35: 1365 grid tiles (ql-eos-s3)

Resource usage...
	Netlist
		1	blocks of type: PB-SYN_GND
	Architecture
		1	blocks of type: TL-SYN_GND
	Netlist
		10	blocks of type: PB-BIDIR
	Architecture
		32	blocks of type: TL-BIDIR
	Netlist
		1	blocks of type: PB-ASSP
	Architecture
		1	blocks of type: TL-ASSP
	Netlist
		52	blocks of type: PB-LOGIC
	Architecture
		891	blocks of type: TL-LOGIC
	Netlist
		0	blocks of type: PB-SDIOMUX
	Architecture
		14	blocks of type: TL-SDIOMUX
	Netlist
		0	blocks of type: PB-MULT
	Architecture
		2	blocks of type: TL-MULT
	Netlist
		0	blocks of type: PB-GMUX
	Architecture
		5	blocks of type: TL-GMUX
	Netlist
		0	blocks of type: PB-CLOCK
	Architecture
		5	blocks of type: TL-CLOCK
	Netlist
		0	blocks of type: PB-RAM
	Architecture
		4	blocks of type: TL-RAM
	Netlist
		1	blocks of type: PB-SYN_VCC
	Architecture
		1	blocks of type: TL-SYN_VCC

Device Utilization: 0.05 (target 1.00)
	Physical Tile TL-LOGIC:
	Block Utilization: 0.06 Logical Block: PB-LOGIC
	Physical Tile TL-RAM:
	Block Utilization: 0.00 Logical Block: PB-RAM
	Physical Tile TL-MULT:
	Block Utilization: 0.00 Logical Block: PB-MULT
	Physical Tile TL-BIDIR:
	Block Utilization: 0.31 Logical Block: PB-BIDIR
	Physical Tile TL-CLOCK:
	Block Utilization: 0.00 Logical Block: PB-CLOCK
	Physical Tile TL-SDIOMUX:
	Block Utilization: 0.00 Logical Block: PB-SDIOMUX
	Physical Tile TL-GMUX:
	Block Utilization: 0.00 Logical Block: PB-GMUX
	Physical Tile TL-ASSP:
	Block Utilization: 1.00 Logical Block: PB-ASSP
	Physical Tile TL-SYN_VCC:
	Block Utilization: 1.00 Logical Block: PB-SYN_VCC
	Physical Tile TL-SYN_GND:
	Block Utilization: 1.00 Logical Block: PB-SYN_GND

## Build Device Grid took 0.00 seconds (max_rss 44.6 MiB, delta_rss +0.0 MiB)
## Loading routing resource graph


## Loading routing resource graph took 0.45 seconds (max_rss 352.3 MiB, delta_rss +307.6 MiB)
  RR Graph Nodes: 1396446
  RR Graph Edges: 2337988
# Create Device took 0.93 seconds (max_rss 357.1 MiB, delta_rss +312.5 MiB)

# Load Placement
Reading sequencedetector.place.

Successfully read sequencedetector.place.

# Load Placement took 0.00 seconds (max_rss 357.1 MiB, delta_rss +0.0 MiB)

# Computing router lookahead map
## Computing wire lookahead
Warning 5: Unable to find any sample location for segment CHANX type 'generic' (length 1)
Warning 6: Unable to find any sample location for segment CHANY type 'generic' (length 1)
Warning 7: Unable to find any sample location for segment CHANX type 'pad' (length 1)
Warning 8: Unable to find any sample location for segment CHANY type 'pad' (length 1)
## Computing wire lookahead took 15.32 seconds (max_rss 357.1 MiB, delta_rss +0.0 MiB)
## Computing src/opin lookahead
## Computing src/opin lookahead took 0.00 seconds (max_rss 357.1 MiB, delta_rss +0.0 MiB)
# Computing router lookahead map took 15.32 seconds (max_rss 357.1 MiB, delta_rss +0.0 MiB)
# Routing
  RR Graph Nodes: 1396446
  RR Graph Edges: 2337988
Confirming router algorithm: TIMING_DRIVEN.
## Initializing router criticalities
Initial Net Connection Criticality Histogram:
[        0:      0.1) 726 ( 67.0%) |***********************************************
[      0.1:      0.2)   0 (  0.0%) |
[      0.2:      0.3)   1 (  0.1%) |
[      0.3:      0.4)  59 (  5.4%) |****
[      0.4:      0.5)  26 (  2.4%) |**
[      0.5:      0.6)  14 (  1.3%) |*
[      0.6:      0.7)  42 (  3.9%) |***
[      0.7:      0.8)  62 (  5.7%) |****
[      0.8:      0.9)  49 (  4.5%) |***
[      0.9:        1) 104 (  9.6%) |*******
## Initializing router criticalities took 0.00 seconds (max_rss 406.4 MiB, delta_rss +0.0 MiB)
---- ------ ------- ---- ------- ------- ------- ----------------- --------------- -------- ---------- ---------- ---------- ---------- --------
Iter   Time    pres  BBs    Heap  Re-Rtd  Re-Rtd Overused RR Nodes      Wirelength      CPD       sTNS       sWNS       hTNS       hWNS Est Succ
      (sec)     fac Updt    push    Nets   Conns                                       (ns)       (ns)       (ns)       (ns)       (ns)     Iter
---- ------ ------- ---- ------- ------- ------- ----------------- --------------- -------- ---------- ---------- ---------- ---------- --------
   1    5.1     0.0    0 2.7e+07      99    1083    1427 ( 0.102%)   25950 ( 1.8%)   55.142     -1773.    -55.142      0.000      0.000      N/A
   2    3.7     4.0    0 1.8e+07      81     660     634 ( 0.045%)   26580 ( 1.9%)   55.220     -1776.    -55.220      0.000      0.000      N/A
   3    2.9     5.2    0 1.4e+07      58     462     474 ( 0.034%)   26546 ( 1.9%)   55.220     -1777.    -55.220      0.000      0.000      N/A
   4    2.4     6.8    0 1.2e+07      55     419     302 ( 0.022%)   26614 ( 1.9%)   55.237     -1778.    -55.237      0.000      0.000      N/A
   5    2.1     8.8    0 9759531      45     309     196 ( 0.014%)   26825 ( 1.9%)   55.271     -1780.    -55.271      0.000      0.000      N/A
   6    2.1    11.4    0 9532836      31     217     114 ( 0.008%)   26936 ( 1.9%)   55.271     -1782.    -55.271      0.000      0.000      N/A
   7    1.5    14.9    0 6970114      24     155     102 ( 0.007%)   26933 ( 1.9%)   55.146     -1782.    -55.146      0.000      0.000      N/A
   8    1.7    19.3    0 7584122      22     140      75 ( 0.005%)   27249 ( 1.9%)   55.149     -1785.    -55.149      0.000      0.000      N/A
   9    1.6    25.1    0 7198261      15     104      45 ( 0.003%)   27323 ( 1.9%)   55.149     -1785.    -55.149      0.000      0.000      N/A
  10    1.0    32.6    0 4698425      13      79      41 ( 0.003%)   27333 ( 1.9%)   55.149     -1786.    -55.149      0.000      0.000       21
  11    0.8    42.4    0 3814510      10      57      18 ( 0.001%)   27491 ( 1.9%)   55.149     -1787.    -55.149      0.000      0.000       23
  12    0.5    55.1    0 2303527       4      14      15 ( 0.001%)   27561 ( 1.9%)   55.149     -1788.    -55.149      0.000      0.000       20
  13    0.5    71.7    0 2198817       7      33       9 ( 0.001%)   27601 ( 2.0%)   55.149     -1787.    -55.149      0.000      0.000       19
  14    0.2    93.2    0  825297       5      10       9 ( 0.001%)   27598 ( 2.0%)   55.149     -1787.    -55.149      0.000      0.000       18
  15    0.4   121.1    0 1626617       4      23       3 ( 0.000%)   27640 ( 2.0%)   55.149     -1787.    -55.149      0.000      0.000       19
  16    0.1   157.5    0  426352       1       1       3 ( 0.000%)   27635 ( 2.0%)   55.149     -1787.    -55.149      0.000      0.000       18
  17    0.2   204.7    0  728454       3       7       3 ( 0.000%)   27635 ( 2.0%)   55.149     -1787.    -55.149      0.000      0.000       18
  18    0.4   266.2    0 1495105       2      11       0 ( 0.000%)   27615 ( 2.0%)   55.149     -1790.    -55.149      0.000      0.000       19
Restoring best routing
Critical path: 55.1487 ns
Successfully routed after 18 routing iterations.
Final Net Connection Criticality Histogram:
[        0:      0.1) 726 ( 67.0%) |***********************************************
[      0.1:      0.2)   0 (  0.0%) |
[      0.2:      0.3)   1 (  0.1%) |
[      0.3:      0.4)  48 (  4.4%) |***
[      0.4:      0.5)  26 (  2.4%) |**
[      0.5:      0.6)  24 (  2.2%) |**
[      0.6:      0.7)  32 (  3.0%) |**
[      0.7:      0.8)  67 (  6.2%) |****
[      0.8:      0.9)  30 (  2.8%) |**
[      0.9:        1) 129 ( 11.9%) |********
Router Stats: total_nets_routed: 479 total_connections_routed: 3784 total_heap_pushes: 130402761 total_heap_pops: 111549251
# Routing took 27.54 seconds (max_rss 406.4 MiB, delta_rss +49.3 MiB)

Checking to ensure routing is legal...
Completed routing consistency check successfully.

Serial number (magic cookie) for the routing is: -21606719
Circuit successfully routed with a channel width factor of 100.

Incr Slack updates 19 in 0.000355868 sec
Full Max Req/Worst Slack updates 4 in 3.0204e-05 sec
Incr Max Req/Worst Slack updates 15 in 0.000133034 sec
Incr Criticality updates 7 in 0.000174675 sec
Full Criticality updates 12 in 0.000455998 sec

Average number of bends per net: 234.808  Maximum # of bends: 6204

Number of global nets: 0
Number of routed nets (nonglobal): 99
Wire length results (in units of 1 clb segments)...
	Total wirelength: 26579, average net length: 268.475
	Maximum net length: 8180

Wire length results in terms of physical segments...
	Total wiring segments used: 23844, average wire segments per net: 240.848
	Maximum segments used by a net: 6463
	Total local nets with reserved CLB opins: 0

Routing channel utilization histogram:
[        1:      inf)    0 (  0.0%) |
[      0.9:        1)   58 (  2.2%) |*
[      0.8:      0.9)    0 (  0.0%) |
[      0.7:      0.8)    6 (  0.2%) |
[      0.5:      0.6)    0 (  0.0%) |
[      0.4:      0.5)    0 (  0.0%) |
[      0.3:      0.4)    4 (  0.2%) |
[      0.2:      0.3)   78 (  3.0%) |**
[      0.1:      0.2)   50 (  1.9%) |*
[        0:      0.1) 2388 ( 92.4%) |**********************************************
Maximum routing channel utilization:         1 at (1,3)

X - Directed channels:   j max occ ave occ capacity
                      ---- ------- ------- --------
                         0       2   1.333        2
                         1     161  10.026      221
                         2       0   0.000        0
                         3      91  22.333      635
                         4      68   2.487      623
                         5      70   2.154      658
                         6      78   2.564      623
                         7      77   4.128      623
                         8      28   1.615      623
                         9     172  11.872      623
                        10     172  20.231      665
                        11     191  25.846      623
                        12     224  30.385      647
                        13     229  25.513      623
                        14     230  29.923      623
                        15     240  49.077      623
                        16     224  44.128      623
                        17     185  24.590      623
                        18     174   6.282      725
                        19     182   6.564      623
                        20     218   7.564      623
                        21       0   0.000      623
                        22       0   0.000      623
                        23      11   0.282      623
                        24      13   1.308      623
                        25       0   0.000      657
                        26       0   0.000      634
                        27      11   0.615      623
                        28      12   0.667      623
                        29       0   0.000      624
                        30       0   0.000      625
                        31       0   0.000      626
                        32      30   2.538      786
                        33       0   0.000      269
Y - Directed channels:   i max occ ave occ capacity
                      ---- ------- ------- --------
                         0       0   0.000        2
                         1      47   4.057      287
                         2       1   0.029        4
                         3     177  53.914      848
                         4      36   2.543      874
                         5      54   2.429      819
                         6      30   4.771      760
                         7      46   3.514      761
                         8      11   1.314      761
                         9      46   4.057      761
                        10      16   2.229      757
                        11      27   2.914      775
                        12     107  11.286      757
                        13     207  25.686      761
                        14     211  43.286      761
                        15     223  48.143      761
                        16     225  53.029      761
                        17     227  33.200      761
                        18     176  21.771      761
                        19     217  17.229      816
                        20     216  35.914      761
                        21      13   2.971      883
                        22      42   7.371      761
                        23       0   0.000      761
                        24      30   2.657      761
                        25      11   0.314      761
                        26      41   1.629      757
                        27       0   0.000      775
                        28      29   0.943      757
                        29       0   0.000      761
                        30       0   0.000      761
                        31       0   0.000      761
                        32       0   0.000      761
                        33       0   0.000      763
                        34       0   0.000      762
                        35       0   0.000      764
                        36       0   0.000     1024
                        37       0   0.000      164

Total tracks in x-direction: 19611, in y-direction: 27046

Logic area (in minimum width transistor areas, excludes I/Os and empty grid tiles)...
	Total logic block area (Warning, need to add pitch of routing to blocks with height > 3): 1.3515e+07
	Total used logic block area: 825000

Routing area (in minimum width transistor areas)...
	Assuming no buffer sharing (pessimistic). Total: 1.07847e+09, per logic tile: 790090.
	Assuming buffer sharing (slightly optimistic). Total: 8.38760e+08, per logic tile: 614476.


Segment usage by type (index):    name type utilization
                               ------- ---- -----------
                                  sbox    2      0.0153
                                   vcc    3       0.102
                                   gnd    4       0.113
                                  hop1    5      0.0183
                                  hop2    6       0.025
                                  hop3    7      0.0256
                                  hop4    8      0.0209
                                 clock    9           0
                               special   10      0.0828

Segment usage by length: length utilization
                         ------ -----------
                              1      0.0159
                              2       0.025
                              3      0.0256
                              4      0.0209


Final hold Worst Negative Slack (hWNS): 0 ns
Final hold Total Negative Slack (hTNS): 0 ns

Final hold slack histogram:
[  4.5e-09:  7.1e-09)  2 (  4.1%) |****
[  7.1e-09:  9.8e-09) 24 ( 49.0%) |************************************************
[  9.8e-09:  1.2e-08)  8 ( 16.3%) |****************
[  1.2e-08:  1.5e-08)  7 ( 14.3%) |**************
[  1.5e-08:  1.8e-08)  1 (  2.0%) |**
[  1.8e-08:    2e-08)  0 (  0.0%) |
[    2e-08:  2.3e-08)  0 (  0.0%) |
[  2.3e-08:  2.6e-08)  3 (  6.1%) |******
[  2.6e-08:  2.8e-08)  3 (  6.1%) |******
[  2.8e-08:  3.1e-08)  1 (  2.0%) |**

Final intra-domain worst hold slacks per constraint:
  $auto$clkbufmap.cc:247:execute$2987 to $auto$clkbufmap.cc:247:execute$2987 worst hold slack: 6.74958 ns
  clk to clk worst hold slack: 4.50261 ns

Final inter-domain worst hold slacks per constraint:
  virtual_io_clock to $auto$clkbufmap.cc:247:execute$2987 worst hold slack: 10.6938 ns
  $auto$clkbufmap.cc:247:execute$2987 to virtual_io_clock worst hold slack: 24.3534 ns

Final critical path delay (least slack): 55.0724 ns
Final setup Worst Negative Slack (sWNS): -55.0724 ns
Final setup Total Negative Slack (sTNS): -1787.77 ns

Final setup slack histogram:
[ -5.5e-08: -5.1e-08) 14 ( 28.6%) |************************************************
[ -5.1e-08: -4.6e-08) 12 ( 24.5%) |*****************************************
[ -4.6e-08: -4.2e-08)  0 (  0.0%) |
[ -4.2e-08: -3.7e-08)  0 (  0.0%) |
[ -3.7e-08: -3.3e-08)  1 (  2.0%) |***
[ -3.3e-08: -2.8e-08)  0 (  0.0%) |
[ -2.8e-08: -2.4e-08)  7 ( 14.3%) |************************
[ -2.4e-08:   -2e-08)  3 (  6.1%) |**********
[   -2e-08: -1.5e-08)  5 ( 10.2%) |*****************
[ -1.5e-08: -1.1e-08)  7 ( 14.3%) |************************

Final intra-domain critical path delays (CPDs):
  $auto$clkbufmap.cc:247:execute$2987 to $auto$clkbufmap.cc:247:execute$2987 CPD: 24.8404 ns (40.257 MHz)
  clk to clk CPD: 55.0724 ns (18.1579 MHz)

Final inter-domain critical path delays (CPDs):
  $auto$clkbufmap.cc:247:execute$2987 to virtual_io_clock CPD: 34.456 ns (29.0225 MHz)
  virtual_io_clock to $auto$clkbufmap.cc:247:execute$2987 CPD: 21.6044 ns (46.2868 MHz)

Final intra-domain worst setup slacks per constraint:
  $auto$clkbufmap.cc:247:execute$2987 to $auto$clkbufmap.cc:247:execute$2987 worst setup slack: -24.8404 ns
  clk to clk worst setup slack: -55.0724 ns

Final inter-domain worst setup slacks per constraint:
  $auto$clkbufmap.cc:247:execute$2987 to virtual_io_clock worst setup slack: -34.456 ns
  virtual_io_clock to $auto$clkbufmap.cc:247:execute$2987 worst setup slack: -21.6044 ns

Final geomean non-virtual intra-domain period: 36.9867 ns (27.0367 MHz)
Final fanout-weighted geomean non-virtual intra-domain period: 16.5239 ns (60.5184 MHz)

Incr Slack updates 1 in 2.2986e-05 sec
Full Max Req/Worst Slack updates 1 in 7.016e-06 sec
Incr Max Req/Worst Slack updates 0 in 0 sec
Incr Criticality updates 0 in 0 sec
Full Criticality updates 1 in 3.8914e-05 sec
Flow timing analysis took 0.0126983 seconds (0.0107679 STA, 0.00193048 slack) (20 full updates: 0 setup, 0 hold, 20 combined).
VPR succeeded
The entire flow of VPR took 44.31 seconds (max_rss 406.4 MiB)
